<?xml version="1.0" encoding="UTF-8"?>
<testng-results ignored="0" total="1" passed="1" failed="0" skipped="0">
  <reporter-output>
  </reporter-output>
  <suite started-at="2023-03-10T09:55:02 IST" name="Default suite" finished-at="2023-03-10T09:55:18 IST" duration-ms="15604">
    <groups>
    </groups>
    <test started-at="2023-03-10T09:55:02 IST" name="Default test" finished-at="2023-03-10T09:55:18 IST" duration-ms="15604">
      <class name="demo.OpenBrowser">
        <test-method is-config="true" signature="beforeTest()[pri:0, instance:demo.OpenBrowser@2617f816]" started-at="2023-03-10T09:55:02 IST" name="beforeTest" finished-at="2023-03-10T09:55:07 IST" duration-ms="5009" status="PASS">
          <reporter-output>
          </reporter-output>
        </test-method> <!-- beforeTest -->
        <test-method is-config="true" signature="beforeClass()[pri:0, instance:demo.OpenBrowser@2617f816]" started-at="2023-03-10T09:55:07 IST" name="beforeClass" finished-at="2023-03-10T09:55:13 IST" duration-ms="5560" status="PASS">
          <reporter-output>
          </reporter-output>
        </test-method> <!-- beforeClass -->
        <test-method is-config="true" signature="beforeMethod()[pri:0, instance:demo.OpenBrowser@2617f816]" started-at="2023-03-10T09:55:13 IST" name="beforeMethod" finished-at="2023-03-10T09:55:13 IST" duration-ms="1" status="PASS">
          <reporter-output>
          </reporter-output>
        </test-method> <!-- beforeMethod -->
        <test-method signature="Traact()[pri:0, instance:demo.OpenBrowser@2617f816]" started-at="2023-03-10T09:55:13 IST" name="Traact" finished-at="2023-03-10T09:55:18 IST" duration-ms="5008" status="PASS">
          <reporter-output>
          </reporter-output>
        </test-method> <!-- Traact -->
      </class> <!-- demo.OpenBrowser -->
    </test> <!-- Default test -->
  </suite> <!-- Default suite -->
</testng-results>
